<?xml version="1.0" encoding="UTF-8"?>
<!-- Generated by org.testng.reporters.JUnitReportReporter -->
<testsuite hostname="JCPSI1439" name="com.jcp.app.demotest" tests="19" failures="0" timestamp="11 Oct 2018 08:20:11 GMT" time="53.369" errors="0">
  <testcase name="CreateValueRatetable" time="2.681" classname="com.jcp.app.demotest"/>
  <testcase name="GetLotbyLotid" time="4.309" classname="com.jcp.app.demotest"/>
  <testcase name="UpdateServicelevel" time="1.610" classname="com.jcp.app.demotest"/>
  <testcase name="CreateValueRatetable" time="2.700" classname="com.jcp.app.demotest"/>
  <testcase name="CreateWeightRatetable" time="2.902" classname="com.jcp.app.demotest"/>
  <testcase name="CreateValueRatetable" time="2.814" classname="com.jcp.app.demotest"/>
  <testcase name="CreateValueRatetable" time="2.684" classname="com.jcp.app.demotest"/>
  <testcase name="CreateValueRatetable" time="2.737" classname="com.jcp.app.demotest"/>
  <testcase name="CreateValueRatetable" time="2.710" classname="com.jcp.app.demotest"/>
  <testcase name="CreateWeightRatetable" time="2.805" classname="com.jcp.app.demotest"/>
  <testcase name="CreateValueRatetable" time="2.683" classname="com.jcp.app.demotest"/>
  <testcase name="CreateWeightRatetable" time="2.852" classname="com.jcp.app.demotest"/>
  <testcase name="CreateValueRatetable" time="3.107" classname="com.jcp.app.demotest"/>
  <testcase name="CreateValueRatetable" time="2.747" classname="com.jcp.app.demotest"/>
  <testcase name="CreateValueRatetable" time="2.843" classname="com.jcp.app.demotest"/>
  <testcase name="CreateValueRatetable" time="2.703" classname="com.jcp.app.demotest"/>
  <testcase name="CreateWeightRatetable" time="2.821" classname="com.jcp.app.demotest"/>
  <testcase name="CreateValueRatetable" time="2.833" classname="com.jcp.app.demotest"/>
  <testcase name="CreateValueRatetable" time="2.828" classname="com.jcp.app.demotest"/>
</testsuite> <!-- com.jcp.app.demotest -->
