<?xml version="1.0" encoding="UTF-8"?>
<!-- Generated by org.testng.reporters.JUnitReportReporter -->
<testsuite hostname="JCPSI1439" name="com.jcp.app.CreateshippingdataTest" tests="1" failures="0" timestamp="11 Apr 2019 05:54:57 GMT" time="3.786" errors="0">
  <testcase name="GetLotbyLotid" time="3.786" classname="com.jcp.app.CreateshippingdataTest"/>
</testsuite> <!-- com.jcp.app.CreateshippingdataTest -->
